{
  module: 'cab-booking',
  service: 'formatCabBookings',
  level: 'error',
  message: 'Cab bookings not found',
  timestamp: '2023-11-20T19:33:30.857Z'
}
{
  module: 'food-booking',
  service: 'formatFoodBookings',
  level: 'error',
  message: 'foodBookings is undefined',
  timestamp: '2023-11-20T19:33:31.006Z'
}
{
  module: 'food-booking',
  service: 'formatFoodBookings',
  level: 'error',
  message: 'foodBookings is undefined',
  timestamp: '2023-11-20T19:33:57.706Z'
}
{
  module: 'news-admin-request',
  service: 'findRequestByUserId',
  userId: 'E00001',
  level: 'error',
  message: 'Did not get any news admin request by the user id',
  timestamp: '2023-11-21T07:04:32.113Z'
}
{
  module: 'news-admin-request',
  service: 'findRequestByUserId',
  userId: 'E00001',
  level: 'error',
  message: 'Did not get any news admin request by the user id',
  timestamp: '2023-11-21T12:52:20.114Z'
}
{
  module: 'admin-all-booking-controller',
  userId: 'E10101',
  service: 'getAllFutureBookingsForUser',
  request: { userId: 'E00' },
  level: 'error',
  message: 'User not found',
  timestamp: '2023-11-21T14:21:51.257Z'
}
{
  module: 'admin-all-booking-controller',
  userId: 'E10101',
  service: 'getAllFutureBookingsForUser',
  request: { userId: 'E000' },
  level: 'error',
  message: 'User not found',
  timestamp: '2023-11-21T14:21:51.258Z'
}
{
  module: 'admin-all-booking-controller',
  userId: 'E10101',
  service: 'getAllFutureBookingsForUser',
  request: { userId: 'E' },
  level: 'error',
  message: 'User not found',
  timestamp: '2023-11-21T14:21:51.582Z'
}
{
  module: 'admin-all-booking-controller',
  userId: 'E10101',
  service: 'getAllFutureBookingsForUser',
  request: { userId: 'E0' },
  level: 'error',
  message: 'User not found',
  timestamp: '2023-11-21T14:21:52.032Z'
}
{
  module: 'admin-all-booking-controller',
  userId: 'E10101',
  service: 'getAllFutureBookingsForUser',
  request: { userId: 'E0000' },
  level: 'error',
  message: 'User not found',
  timestamp: '2023-11-21T14:21:52.968Z'
}
{
  module: 'admin-all-booking-controller',
  userId: 'E10101',
  service: 'getAllFutureBookingsForUser',
  request: { userId: 'E0000' },
  level: 'error',
  message: 'User not found',
  timestamp: '2023-11-21T14:21:53.251Z'
}
{
  module: 'admin-all-booking-controller',
  userId: 'E10101',
  service: 'getAllFutureBookingsForUser',
  request: { userId: 'E000' },
  level: 'error',
  message: 'User not found',
  timestamp: '2023-11-21T14:21:53.699Z'
}
{
  module: 'admin-all-booking-controller',
  userId: 'E10101',
  service: 'getAllFutureBookingsForUser',
  request: { userId: 'E00' },
  level: 'error',
  message: 'User not found',
  timestamp: '2023-11-21T14:21:53.716Z'
}
{
  module: 'admin-all-booking-controller',
  userId: 'E10101',
  service: 'getAllFutureBookings',
  request: { userId: 'E' },
  level: 'error',
  message: 'User not found',
  timestamp: '2023-11-21T14:21:53.772Z'
}
{
  module: 'admin-all-booking-controller',
  userId: 'E10101',
  service: 'getAllFutureBookings',
  request: { userId: 'E0' },
  level: 'error',
  message: 'User not found',
  timestamp: '2023-11-21T14:21:54.107Z'
}
{
  module: 'user-all-booking-controller',
  service: 'bookAll',
  userId: 'E00001',
  level: 'error',
  message: 'User has already booked a desk for one or more of the dates',
  timestamp: '2023-11-21T14:22:12.070Z'
}
{
  module: 'desk-booking',
  service: 'formatDeskBoookings',
  level: 'error',
  message: 'Desk bookings is undefined',
  timestamp: '2023-11-21T14:24:19.212Z'
}
{
  module: 'cab-booking',
  service: 'formatCabBookings',
  level: 'error',
  message: 'Cab bookings not found',
  timestamp: '2023-11-21T14:24:19.516Z'
}
{
  module: 'food-booking',
  service: 'formatFoodBookings',
  level: 'error',
  message: 'foodBookings is undefined',
  timestamp: '2023-11-21T14:24:19.657Z'
}
{
  module: 'admin-all-booking-controller',
  userId: 'E10101',
  service: 'getAllFutureBookingsForUser',
  request: { userId: 'E' },
  level: 'error',
  message: 'User not found',
  timestamp: '2023-11-21T14:24:46.118Z'
}
{
  module: 'admin-all-booking-controller',
  userId: 'E10101',
  service: 'getAllFutureBookingsForUser',
  request: { userId: 'E1' },
  level: 'error',
  message: 'User not found',
  timestamp: '2023-11-21T14:24:46.561Z'
}
{
  module: 'admin-all-booking-controller',
  userId: 'E10101',
  service: 'getAllFutureBookingsForUser',
  request: { userId: 'E10' },
  level: 'error',
  message: 'User not found',
  timestamp: '2023-11-21T14:24:47.096Z'
}
{
  module: 'admin-all-booking-controller',
  userId: 'E10101',
  service: 'getAllFutureBookingsForUser',
  request: { userId: 'E101' },
  level: 'error',
  message: 'User not found',
  timestamp: '2023-11-21T14:24:47.383Z'
}
{
  module: 'admin-all-booking-controller',
  userId: 'E10101',
  service: 'getAllFutureBookingsForUser',
  request: { userId: 'E1010' },
  level: 'error',
  message: 'User not found',
  timestamp: '2023-11-21T14:24:48.408Z'
}
{
  module: 'admin-all-booking-controller',
  userId: 'E10101',
  service: 'getAllFutureBookingsForUser',
  request: { userId: 'E1010' },
  level: 'error',
  message: 'User not found',
  timestamp: '2023-11-21T14:33:36.058Z'
}
{
  module: 'admin-all-booking-controller',
  userId: 'E10101',
  service: 'getAllFutureBookingsForUser',
  request: { userId: 'E101010' },
  level: 'error',
  message: 'User not found',
  timestamp: '2023-11-21T14:33:36.136Z'
}
{
  module: 'admin-all-booking-controller',
  userId: 'E10101',
  service: 'getAllFutureBookingsForUser',
  request: { userId: 'E' },
  level: 'error',
  message: 'User not found',
  timestamp: '2023-11-21T14:33:36.275Z'
}
{
  module: 'admin-all-booking-controller',
  userId: 'E10101',
  service: 'getAllFutureBookingsForUser',
  request: { userId: 'E101' },
  level: 'error',
  message: 'User not found',
  timestamp: '2023-11-21T14:33:36.514Z'
}
{
  module: 'admin-all-booking-controller',
  userId: 'E10101',
  service: 'getAllFutureBookingsForUser',
  request: { userId: 'E10' },
  level: 'error',
  message: 'User not found',
  timestamp: '2023-11-21T14:33:36.786Z'
}
{
  module: 'admin-all-booking-controller',
  userId: 'E10101',
  service: 'getAllFutureBookingsForUser',
  request: { userId: 'E1' },
  level: 'error',
  message: 'User not found',
  timestamp: '2023-11-21T14:33:37.657Z'
}
{
  module: 'news',
  service: 'getAllNews',
  error: Error: getaddrinfo ENOTFOUND ep-muddy-frog-18780884-pooler.ap-southeast-1.aws.neon.tech
      at GetAddrInfoReqWrap.onlookup [as oncomplete] (node:dns:107:26) {
    errno: -3008,
    code: 'ENOTFOUND',
    syscall: 'getaddrinfo',
    hostname: 'ep-muddy-frog-18780884-pooler.ap-southeast-1.aws.neon.tech'
  },
  level: 'error',
  message: 'Failed to get all news',
  timestamp: '2023-11-21T17:02:37.034Z'
}
