{
  module: 'verify-jwt-token',
  service: 'verifyJWT',
  level: 'error',
  message: 'Access token invalid',
  timestamp: '2023-11-19T06:00:06.149Z'
}
{
  module: 'desk-booking',
  service: 'formatDeskBoookings',
  level: 'error',
  message: 'Desk bookings is undefined',
  timestamp: '2023-11-19T06:01:23.760Z'
}
{
  module: 'cab-booking',
  service: 'formatCabBookings',
  level: 'error',
  message: 'Cab bookings not found',
  timestamp: '2023-11-19T06:01:24.007Z'
}
{
  module: 'food-booking',
  service: 'formatFoodBookings',
  level: 'error',
  message: 'foodBookings is undefined',
  timestamp: '2023-11-19T06:01:24.133Z'
}
{
  module: 'desk-booking',
  service: 'formatDeskBoookings',
  level: 'error',
  message: 'Desk bookings is undefined',
  timestamp: '2023-11-19T06:07:33.148Z'
}
{
  module: 'cab-booking',
  service: 'formatCabBookings',
  level: 'error',
  message: 'Cab bookings not found',
  timestamp: '2023-11-19T06:07:33.380Z'
}
{
  module: 'food-booking',
  service: 'formatFoodBookings',
  level: 'error',
  message: 'foodBookings is undefined',
  timestamp: '2023-11-19T06:07:33.496Z'
}
{
  module: 'desk-booking',
  service: 'formatDeskBoookings',
  level: 'error',
  message: 'Desk bookings is undefined',
  timestamp: '2023-11-19T06:08:58.276Z'
}
{
  module: 'cab-booking',
  service: 'formatCabBookings',
  level: 'error',
  message: 'Cab bookings not found',
  timestamp: '2023-11-19T06:08:58.512Z'
}
{
  module: 'food-booking',
  service: 'formatFoodBookings',
  level: 'error',
  message: 'foodBookings is undefined',
  timestamp: '2023-11-19T06:08:58.634Z'
}
{
  module: 'desk-booking',
  service: 'formatDeskBoookings',
  level: 'error',
  message: 'Desk bookings is undefined',
  timestamp: '2023-11-19T06:09:51.828Z'
}
{
  module: 'cab-booking',
  service: 'formatCabBookings',
  level: 'error',
  message: 'Cab bookings not found',
  timestamp: '2023-11-19T06:09:52.057Z'
}
{
  module: 'food-booking',
  service: 'formatFoodBookings',
  level: 'error',
  message: 'foodBookings is undefined',
  timestamp: '2023-11-19T06:09:52.171Z'
}
{
  module: 'user-all-booking-controller',
  service: 'bookAll',
  userId: 'E00001',
  level: 'error',
  message: 'User has already booked a desk for one or more of the dates',
  timestamp: '2023-11-19T06:15:36.697Z'
}
{
  module: 'error-handler',
  service: 'handleErrors',
  error: SyntaxError: Unexpected token   in JSON at position 240
      at JSON.parse (<anonymous>)
      at parse (C:\Users\vitha\OneDrive\Documents\GitHub\employee-management-system\server\node_modules\body-parser\lib\types\json.js:89:19)
      at C:\Users\vitha\OneDrive\Documents\GitHub\employee-management-system\server\node_modules\body-parser\lib\read.js:128:18
      at AsyncResource.runInAsyncScope (node:async_hooks:204:9)
      at invokeCallback (C:\Users\vitha\OneDrive\Documents\GitHub\employee-management-system\server\node_modules\raw-body\index.js:231:16)
      at done (C:\Users\vitha\OneDrive\Documents\GitHub\employee-management-system\server\node_modules\raw-body\index.js:220:7)
      at IncomingMessage.onEnd (C:\Users\vitha\OneDrive\Documents\GitHub\employee-management-system\server\node_modules\raw-body\index.js:280:7)
      at IncomingMessage.emit (node:events:513:28)
      at endReadableNT (node:internal/streams/readable:1359:12)
      at process.processTicksAndRejections (node:internal/process/task_queues:82:21) {
    expose: true,
    statusCode: 400,
    status: 400,
    body: '\n' +
      '\n' +
      '\n' +
      '\n' +
      '\n' +
      '\n' +
      '\n' +
      '\n' +
      '\n' +
      '\n' +
      '\r\n' +
      '{\r\n' +
      '\t"dates" : ["2024/12/24","2024/12/25"], \n' +
      '\t"deskId" : ["A2","A3"], \n' +
      '    "workSlot" : ["9AM to 5PM","9AM to 5PM"], \n' +
      '\t"preference" : ["Veg","Veg"], \n' +
      '\r\n' +
      '\t"isDeskRequired" : true, \n' +
      '\t"isCabRequired" : true, \n' +
      '\t"isFoodRequired" : true \n' +
      '\r\n' +
      '}',
    type: 'entity.parse.failed'
  },
  level: 'error',
  message: 'Something went wrong on the server',
  timestamp: '2023-11-19T06:24:43.530Z'
}
{
  module: 'error-handler',
  service: 'handleErrors',
  level: 'error',
  message: 'Internal Server Error',
  timestamp: '2023-11-19T06:24:43.531Z'
}
{
  module: 'error-handler',
  service: 'handleErrors',
  error: SyntaxError: Unexpected token   in JSON at position 240
      at JSON.parse (<anonymous>)
      at parse (C:\Users\vitha\OneDrive\Documents\GitHub\employee-management-system\server\node_modules\body-parser\lib\types\json.js:89:19)
      at C:\Users\vitha\OneDrive\Documents\GitHub\employee-management-system\server\node_modules\body-parser\lib\read.js:128:18
      at AsyncResource.runInAsyncScope (node:async_hooks:204:9)
      at invokeCallback (C:\Users\vitha\OneDrive\Documents\GitHub\employee-management-system\server\node_modules\raw-body\index.js:231:16)
      at done (C:\Users\vitha\OneDrive\Documents\GitHub\employee-management-system\server\node_modules\raw-body\index.js:220:7)
      at IncomingMessage.onEnd (C:\Users\vitha\OneDrive\Documents\GitHub\employee-management-system\server\node_modules\raw-body\index.js:280:7)
      at IncomingMessage.emit (node:events:513:28)
      at endReadableNT (node:internal/streams/readable:1359:12)
      at process.processTicksAndRejections (node:internal/process/task_queues:82:21) {
    expose: true,
    statusCode: 400,
    status: 400,
    body: '\n' +
      '\n' +
      '\n' +
      '\n' +
      '\n' +
      '\n' +
      '\n' +
      '\n' +
      '\n' +
      '\n' +
      '\r\n' +
      '{\r\n' +
      '\t"dates" : ["2024/12/24","2024/12/25"], \n' +
      '\t"deskId" : ["A2","A3"], \n' +
      '    "workSlot" : ["9AM to 5PM","9AM to 5PM"], \n' +
      '\t"preference" : ["Veg","Veg"], \n' +
      '\r\n' +
      '\t"isDeskRequired" : true, \n' +
      '\t"isCabRequired" : true, \n' +
      '\t"isFoodRequired" : true \n' +
      '\r\n' +
      '}',
    type: 'entity.parse.failed'
  },
  level: 'error',
  message: 'Something went wrong on the server',
  timestamp: '2023-11-19T06:25:00.238Z'
}
{
  module: 'error-handler',
  service: 'handleErrors',
  level: 'error',
  message: 'Internal Server Error',
  timestamp: '2023-11-19T06:25:00.238Z'
}
{
  module: 'error-handler',
  service: 'handleErrors',
  error: SyntaxError: Unexpected token   in JSON at position 256
      at JSON.parse (<anonymous>)
      at parse (C:\Users\vitha\OneDrive\Documents\GitHub\employee-management-system\server\node_modules\body-parser\lib\types\json.js:89:19)
      at C:\Users\vitha\OneDrive\Documents\GitHub\employee-management-system\server\node_modules\body-parser\lib\read.js:128:18
      at AsyncResource.runInAsyncScope (node:async_hooks:204:9)
      at invokeCallback (C:\Users\vitha\OneDrive\Documents\GitHub\employee-management-system\server\node_modules\raw-body\index.js:231:16)
      at done (C:\Users\vitha\OneDrive\Documents\GitHub\employee-management-system\server\node_modules\raw-body\index.js:220:7)
      at IncomingMessage.onEnd (C:\Users\vitha\OneDrive\Documents\GitHub\employee-management-system\server\node_modules\raw-body\index.js:280:7)
      at IncomingMessage.emit (node:events:513:28)
      at endReadableNT (node:internal/streams/readable:1359:12)
      at process.processTicksAndRejections (node:internal/process/task_queues:82:21) {
    expose: true,
    statusCode: 400,
    status: 400,
    body: '\n' +
      '\n' +
      '\n' +
      '\n' +
      '\n' +
      '\n' +
      '\n' +
      '\n' +
      '\n' +
      '\n' +
      '\r\n' +
      '{\r\n' +
      '    "dates" : ["2024/12/24","2024/12/25"], \n' +
      '    "deskId" : ["A2","A3"], \n' +
      '    "workSlot" : ["9AM to 5PM","9AM to 5PM"], \n' +
      '    "preference" : ["Veg","Veg"], \n' +
      '    "isDeskRequired" : true, \n' +
      '    "isCabRequired" : true, \n' +
      '    "isFoodRequired" : true \n' +
      '}',
    type: 'entity.parse.failed'
  },
  level: 'error',
  message: 'Something went wrong on the server',
  timestamp: '2023-11-19T06:27:47.419Z'
}
{
  module: 'error-handler',
  service: 'handleErrors',
  level: 'error',
  message: 'Internal Server Error',
  timestamp: '2023-11-19T06:27:47.422Z'
}
{
  module: 'error-handler',
  service: 'handleErrors',
  error: SyntaxError: Unexpected token   in JSON at position 256
      at JSON.parse (<anonymous>)
      at parse (C:\Users\vitha\OneDrive\Documents\GitHub\employee-management-system\server\node_modules\body-parser\lib\types\json.js:89:19)
      at C:\Users\vitha\OneDrive\Documents\GitHub\employee-management-system\server\node_modules\body-parser\lib\read.js:128:18
      at AsyncResource.runInAsyncScope (node:async_hooks:204:9)
      at invokeCallback (C:\Users\vitha\OneDrive\Documents\GitHub\employee-management-system\server\node_modules\raw-body\index.js:231:16)
      at done (C:\Users\vitha\OneDrive\Documents\GitHub\employee-management-system\server\node_modules\raw-body\index.js:220:7)
      at IncomingMessage.onEnd (C:\Users\vitha\OneDrive\Documents\GitHub\employee-management-system\server\node_modules\raw-body\index.js:280:7)
      at IncomingMessage.emit (node:events:513:28)
      at endReadableNT (node:internal/streams/readable:1359:12)
      at process.processTicksAndRejections (node:internal/process/task_queues:82:21) {
    expose: true,
    statusCode: 400,
    status: 400,
    body: '\n' +
      '\n' +
      '\n' +
      '\n' +
      '\n' +
      '\n' +
      '\n' +
      '\n' +
      '\n' +
      '\n' +
      '\r\n' +
      '{\r\n' +
      '    "dates" : ["2024/12/24","2024/12/25"], \n' +
      '    "deskId" : ["A2","A3"], \n' +
      '    "workSlot" : ["9AM to 5PM","9AM to 5PM"], \n' +
      '    "preference" : ["Veg","Veg"], \n' +
      '    "isDeskRequired" : true, \n' +
      '    "isCabRequired" : true, \n' +
      '    "isFoodRequired" : true \n' +
      '}',
    type: 'entity.parse.failed'
  },
  level: 'error',
  message: 'Something went wrong on the server',
  timestamp: '2023-11-19T06:29:14.142Z'
}
{
  module: 'error-handler',
  service: 'handleErrors',
  level: 'error',
  message: 'Internal Server Error',
  timestamp: '2023-11-19T06:29:14.142Z'
}
{
  module: 'desk-booking',
  service: 'formatDeskBoookings',
  level: 'error',
  message: 'Desk bookings is undefined',
  timestamp: '2023-11-19T06:30:34.820Z'
}
{
  module: 'desk-booking',
  service: 'formatDeskBoookings',
  level: 'error',
  message: 'Desk bookings is undefined',
  timestamp: '2023-11-19T06:35:19.287Z'
}
{
  module: 'cab-booking',
  service: 'formatCabBookings',
  level: 'error',
  message: 'Cab bookings not found',
  timestamp: '2023-11-19T06:35:19.825Z'
}
{
  module: 'food-booking',
  service: 'formatFoodBookings',
  level: 'error',
  message: 'foodBookings is undefined',
  timestamp: '2023-11-19T06:35:20.527Z'
}
