{
  module: 'admin-all-booking-controller',
  userId: 'E10101',
  service: 'getAllFutureBookingsForUser',
  request: { userId: 'E' },
  level: 'error',
  message: 'User not found',
  timestamp: '2023-11-20T12:15:19.745Z'
}
{
  module: 'admin-all-booking-controller',
  userId: 'E10101',
  service: 'getAllFutureBookingsForUser',
  request: { userId: 'E1' },
  level: 'error',
  message: 'User not found',
  timestamp: '2023-11-20T12:15:20.970Z'
}
{
  module: 'admin-all-booking-controller',
  userId: 'E10101',
  service: 'getAllFutureBookingsForUser',
  request: { userId: 'E10' },
  level: 'error',
  message: 'User not found',
  timestamp: '2023-11-20T12:15:21.239Z'
}
{
  module: 'admin-all-booking-controller',
  userId: 'E10101',
  service: 'getAllFutureBookingsForUser',
  request: { userId: 'E101' },
  level: 'error',
  message: 'User not found',
  timestamp: '2023-11-20T12:15:21.605Z'
}
{
  module: 'admin-all-booking-controller',
  userId: 'E10101',
  service: 'getAllFutureBookingsForUser',
  request: { userId: 'E1010' },
  level: 'error',
  message: 'User not found',
  timestamp: '2023-11-20T12:15:21.870Z'
}
{
  module: 'admin-all-booking-controller',
  userId: 'E10101',
  service: 'getAllFutureBookingsForUser',
  request: { userId: 'E1001' },
  level: 'error',
  message: 'User not found',
  timestamp: '2023-11-20T12:15:27.145Z'
}
{
  module: 'admin-all-booking-controller',
  userId: 'E10101',
  service: 'getAllFutureBookingsForUser',
  request: { userId: 'E101' },
  level: 'error',
  message: 'User not found',
  timestamp: '2023-11-20T12:15:27.358Z'
}
{
  module: 'admin-all-booking-controller',
  userId: 'E10101',
  service: 'getAllFutureBookingsForUser',
  request: { userId: 'E01' },
  level: 'error',
  message: 'User not found',
  timestamp: '2023-11-20T12:15:27.658Z'
}
{
  module: 'admin-all-booking-controller',
  userId: 'E10101',
  service: 'getAllFutureBookingsForUser',
  request: { userId: 'E001' },
  level: 'error',
  message: 'User not found',
  timestamp: '2023-11-20T12:15:28.452Z'
}
{
  module: 'admin-all-booking-controller',
  userId: 'E10101',
  service: 'getAllFutureBookingsForUser',
  request: { userId: 'E0001' },
  level: 'error',
  message: 'User not found',
  timestamp: '2023-11-20T12:15:28.640Z'
}
{
  module: 'admin-all-booking-controller',
  userId: 'E10101',
  service: 'getAllFutureBookingsForUser',
  request: { userId: 'E0000' },
  level: 'error',
  message: 'User not found',
  timestamp: '2023-11-20T12:15:35.270Z'
}
{
  module: 'admin-all-booking-controller',
  userId: 'E10101',
  service: 'getAllFutureBookingsForUser',
  request: { userId: 'E000' },
  level: 'error',
  message: 'User not found',
  timestamp: '2023-11-20T12:15:38.883Z'
}
{
  module: 'admin-all-booking-controller',
  userId: 'E10101',
  service: 'getAllFutureBookingsForUser',
  request: { userId: 'E00' },
  level: 'error',
  message: 'User not found',
  timestamp: '2023-11-20T12:15:39.500Z'
}
{
  module: 'admin-all-booking-controller',
  userId: 'E10101',
  service: 'getAllFutureBookingsForUser',
  request: { userId: 'E0' },
  level: 'error',
  message: 'User not found',
  timestamp: '2023-11-20T12:15:40.427Z'
}
{
  module: 'admin-all-booking-controller',
  userId: 'E10101',
  service: 'getAllFutureBookingsForUser',
  request: { userId: 'E' },
  level: 'error',
  message: 'User not found',
  timestamp: '2023-11-20T12:15:42.430Z'
}
{
  module: 'admin-all-booking-controller',
  userId: 'E10101',
  service: 'getAllFutureBookingsForUser',
  request: { userId: 'E1' },
  level: 'error',
  message: 'User not found',
  timestamp: '2023-11-20T12:15:43.291Z'
}
{
  module: 'admin-all-booking-controller',
  userId: 'E10101',
  service: 'getAllFutureBookingsForUser',
  request: { userId: 'E12' },
  level: 'error',
  message: 'User not found',
  timestamp: '2023-11-20T12:15:43.551Z'
}
{
  module: 'admin-all-booking-controller',
  userId: 'E10101',
  service: 'getAllFutureBookingsForUser',
  request: { userId: 'E123' },
  level: 'error',
  message: 'User not found',
  timestamp: '2023-11-20T12:15:43.867Z'
}
{
  module: 'admin-all-booking-controller',
  userId: 'E10101',
  service: 'getAllFutureBookingsForUser',
  request: { userId: 'E12' },
  level: 'error',
  message: 'User not found',
  timestamp: '2023-11-20T12:15:48.836Z'
}
{
  module: 'admin-all-booking-controller',
  userId: 'E10101',
  service: 'getAllFutureBookingsForUser',
  request: { userId: 'E1' },
  level: 'error',
  message: 'User not found',
  timestamp: '2023-11-20T12:15:49.024Z'
}
{
  module: 'admin-all-booking-controller',
  userId: 'E10101',
  service: 'getAllFutureBookingsForUser',
  request: { userId: 'E' },
  level: 'error',
  message: 'User not found',
  timestamp: '2023-11-20T12:15:49.377Z'
}
{
  module: 'admin-all-booking-controller',
  userId: 'E10101',
  service: 'getAllFutureBookingsForUser',
  request: { userId: 'E1' },
  level: 'error',
  message: 'User not found',
  timestamp: '2023-11-20T12:15:50.501Z'
}
{
  module: 'admin-all-booking-controller',
  userId: 'E10101',
  service: 'getAllFutureBookingsForUser',
  request: { userId: 'E10' },
  level: 'error',
  message: 'User not found',
  timestamp: '2023-11-20T12:15:50.629Z'
}
{
  module: 'admin-all-booking-controller',
  userId: 'E10101',
  service: 'getAllFutureBookingsForUser',
  request: { userId: 'E101' },
  level: 'error',
  message: 'User not found',
  timestamp: '2023-11-20T12:15:50.849Z'
}
{
  module: 'admin-all-booking-controller',
  userId: 'E10101',
  service: 'getAllFutureBookingsForUser',
  request: { userId: 'E1010' },
  level: 'error',
  message: 'User not found',
  timestamp: '2023-11-20T12:15:51.191Z'
}
{
  module: 'admin-all-booking-controller',
  userId: 'E10101',
  service: 'getAllFutureBookingsForUser',
  request: { userId: 'E1010' },
  level: 'error',
  message: 'User not found',
  timestamp: '2023-11-20T12:16:24.851Z'
}
{
  module: 'admin-all-booking-controller',
  userId: 'E10101',
  service: 'getAllFutureBookingsForUser',
  request: { userId: 'E101' },
  level: 'error',
  message: 'User not found',
  timestamp: '2023-11-20T12:16:24.963Z'
}
{
  module: 'admin-all-booking-controller',
  userId: 'E10101',
  service: 'getAllFutureBookingsForUser',
  request: { userId: 'E' },
  level: 'error',
  message: 'User not found',
  timestamp: '2023-11-20T12:16:25.004Z'
}
{
  module: 'admin-all-booking-controller',
  userId: 'E10101',
  service: 'getAllFutureBookingsForUser',
  request: { userId: 'E1' },
  level: 'error',
  message: 'User not found',
  timestamp: '2023-11-20T12:16:25.391Z'
}
{
  module: 'admin-all-booking-controller',
  userId: 'E10101',
  service: 'getAllFutureBookingsForUser',
  request: { userId: 'E10' },
  level: 'error',
  message: 'User not found',
  timestamp: '2023-11-20T12:16:25.462Z'
}
{
  module: 'admin-all-booking-controller',
  userId: 'E10101',
  service: 'getAllFutureBookingsForUser',
  request: { userId: 'E0' },
  level: 'error',
  message: 'User not found',
  timestamp: '2023-11-20T12:16:25.715Z'
}
{
  module: 'admin-all-booking-controller',
  userId: 'E10101',
  service: 'getAllFutureBookingsForUser',
  request: { userId: 'E00' },
  level: 'error',
  message: 'User not found',
  timestamp: '2023-11-20T12:16:25.908Z'
}
{
  module: 'admin-all-booking-controller',
  userId: 'E10101',
  service: 'getAllFutureBookingsForUser',
  request: { userId: 'E000' },
  level: 'error',
  message: 'User not found',
  timestamp: '2023-11-20T12:16:26.089Z'
}
{
  module: 'admin-all-booking-controller',
  userId: 'E10101',
  service: 'getAllFutureBookingsForUser',
  request: { userId: 'E0000' },
  level: 'error',
  message: 'User not found',
  timestamp: '2023-11-20T12:16:26.507Z'
}
{
  module: 'admin-all-booking-controller',
  userId: 'E10101',
  service: 'getAllFutureBookingsForUser',
  request: { userId: 'E0001' },
  level: 'error',
  message: 'User not found',
  timestamp: '2023-11-20T12:16:51.033Z'
}
{
  module: 'admin-all-booking-controller',
  userId: 'E10101',
  service: 'getAllFutureBookingsForUser',
  request: { userId: 'E00010' },
  level: 'error',
  message: 'User not found',
  timestamp: '2023-11-20T12:16:52.799Z'
}
{
  module: 'admin-all-booking-controller',
  userId: 'E10101',
  service: 'getAllFutureBookingsForUser',
  request: { userId: 'E0001' },
  level: 'error',
  message: 'User not found',
  timestamp: '2023-11-20T12:17:02.564Z'
}
{
  module: 'admin-all-booking-controller',
  userId: 'E10101',
  service: 'getAllFutureBookingsForUser',
  request: { userId: 'E000' },
  level: 'error',
  message: 'User not found',
  timestamp: '2023-11-20T12:17:02.720Z'
}
{
  module: 'admin-all-booking-controller',
  userId: 'E10101',
  service: 'getAllFutureBookingsForUser',
  request: { userId: 'E00' },
  level: 'error',
  message: 'User not found',
  timestamp: '2023-11-20T12:17:02.878Z'
}
{
  module: 'admin-all-booking-controller',
  userId: 'E10101',
  service: 'getAllFutureBookingsForUser',
  request: { userId: 'E0' },
  level: 'error',
  message: 'User not found',
  timestamp: '2023-11-20T12:17:03.046Z'
}
{
  module: 'admin-all-booking-controller',
  userId: 'E10101',
  service: 'getAllFutureBookingsForUser',
  request: { userId: 'E' },
  level: 'error',
  message: 'User not found',
  timestamp: '2023-11-20T12:17:03.245Z'
}
{
  module: 'admin-all-booking-controller',
  userId: 'E10101',
  service: 'getAllFutureBookingsForUser',
  request: { userId: 'E1' },
  level: 'error',
  message: 'User not found',
  timestamp: '2023-11-20T12:17:04.192Z'
}
{
  module: 'admin-all-booking-controller',
  userId: 'E10101',
  service: 'getAllFutureBookingsForUser',
  request: { userId: 'E10' },
  level: 'error',
  message: 'User not found',
  timestamp: '2023-11-20T12:17:04.376Z'
}
{
  module: 'admin-all-booking-controller',
  userId: 'E10101',
  service: 'getAllFutureBookingsForUser',
  request: { userId: 'E101' },
  level: 'error',
  message: 'User not found',
  timestamp: '2023-11-20T12:17:05.319Z'
}
{
  module: 'admin-all-booking-controller',
  userId: 'E10101',
  service: 'getAllFutureBookingsForUser',
  request: { userId: 'E1010' },
  level: 'error',
  message: 'User not found',
  timestamp: '2023-11-20T12:17:05.930Z'
}
{
  module: 'admin-all-booking-controller',
  userId: 'E10101',
  service: 'getAllFutureBookingsForUser',
  request: { userId: 'E101' },
  level: 'error',
  message: 'User not found',
  timestamp: '2023-11-20T13:35:59.873Z'
}
{
  module: 'admin-all-booking-controller',
  userId: 'E10101',
  service: 'getAllFutureBookingsForUser',
  request: { userId: 'E10' },
  level: 'error',
  message: 'User not found',
  timestamp: '2023-11-20T13:35:59.875Z'
}
{
  module: 'admin-all-booking-controller',
  userId: 'E10101',
  service: 'getAllFutureBookingsForUser',
  request: { userId: 'E000' },
  level: 'error',
  message: 'User not found',
  timestamp: '2023-11-20T13:35:59.938Z'
}
{
  module: 'admin-all-booking-controller',
  userId: 'E10101',
  service: 'getAllFutureBookingsForUser',
  request: { userId: 'E00' },
  level: 'error',
  message: 'User not found',
  timestamp: '2023-11-20T13:35:59.940Z'
}
{
  module: 'admin-all-booking-controller',
  userId: 'E10101',
  service: 'getAllFutureBookingsForUser',
  request: { userId: 'E1' },
  level: 'error',
  message: 'User not found',
  timestamp: '2023-11-20T13:35:59.983Z'
}
{
  module: 'admin-all-booking-controller',
  userId: 'E10101',
  service: 'getAllFutureBookingsForUser',
  request: { userId: 'E1010' },
  level: 'error',
  message: 'User not found',
  timestamp: '2023-11-20T13:35:59.987Z'
}
{
  module: 'admin-all-booking-controller',
  userId: 'E10101',
  service: 'getAllFutureBookingsForUser',
  request: { userId: 'E0' },
  level: 'error',
  message: 'User not found',
  timestamp: '2023-11-20T13:35:59.989Z'
}
{
  module: 'admin-all-booking-controller',
  userId: 'E10101',
  service: 'getAllFutureBookingsForUser',
  request: { userId: 'E' },
  level: 'error',
  message: 'User not found',
  timestamp: '2023-11-20T13:36:00.242Z'
}
{
  module: 'admin-all-booking-controller',
  userId: 'E10101',
  service: 'getAllFutureBookingsForUser',
  request: { userId: 'E0000' },
  level: 'error',
  message: 'User not found',
  timestamp: '2023-11-20T13:36:00.696Z'
}
{
  module: 'admin-all-booking-controller',
  userId: 'E10101',
  service: 'getAllFutureBookingsForUser',
  request: { userId: 'E0000' },
  level: 'error',
  message: 'User not found',
  timestamp: '2023-11-20T13:36:01.734Z'
}
{
  module: 'admin-all-booking-controller',
  userId: 'E10101',
  service: 'getAllFutureBookingsForUser',
  request: { userId: 'E000' },
  level: 'error',
  message: 'User not found',
  timestamp: '2023-11-20T13:36:01.931Z'
}
{
  module: 'admin-all-booking-controller',
  userId: 'E10101',
  service: 'getAllFutureBookingsForUser',
  request: { userId: 'E00' },
  level: 'error',
  message: 'User not found',
  timestamp: '2023-11-20T13:36:02.126Z'
}
{
  module: 'admin-all-booking-controller',
  userId: 'E10101',
  service: 'getAllFutureBookingsForUser',
  request: { userId: 'E0' },
  level: 'error',
  message: 'User not found',
  timestamp: '2023-11-20T13:36:02.282Z'
}
{
  module: 'admin-all-booking-controller',
  userId: 'E10101',
  service: 'getAllFutureBookingsForUser',
  request: { userId: 'E' },
  level: 'error',
  message: 'User not found',
  timestamp: '2023-11-20T13:36:02.564Z'
}
{
  module: 'admin-all-booking-controller',
  userId: 'E10101',
  service: 'getAllFutureBookingsForUser',
  request: { userId: 'E2' },
  level: 'error',
  message: 'User not found',
  timestamp: '2023-11-20T13:36:03.144Z'
}
{
  module: 'admin-all-booking-controller',
  userId: 'E10101',
  service: 'getAllFutureBookingsForUser',
  request: { userId: 'E20' },
  level: 'error',
  message: 'User not found',
  timestamp: '2023-11-20T13:36:03.287Z'
}
{
  module: 'admin-all-booking-controller',
  userId: 'E10101',
  service: 'getAllFutureBookingsForUser',
  request: { userId: 'E202' },
  level: 'error',
  message: 'User not found',
  timestamp: '2023-11-20T13:36:03.448Z'
}
{
  module: 'admin-all-booking-controller',
  userId: 'E10101',
  service: 'getAllFutureBookingsForUser',
  request: { userId: 'E2020' },
  level: 'error',
  message: 'User not found',
  timestamp: '2023-11-20T13:36:03.646Z'
}
{
  module: 'admin-all-booking-controller',
  userId: 'E10101',
  service: 'getAllFutureBookingsForUser',
  request: { userId: 'E202' },
  level: 'error',
  message: 'User not found',
  timestamp: '2023-11-20T13:36:04.039Z'
}
{
  module: 'admin-all-booking-controller',
  userId: 'E10101',
  service: 'getAllFutureBookingsForUser',
  request: { userId: 'E20' },
  level: 'error',
  message: 'User not found',
  timestamp: '2023-11-20T13:36:04.230Z'
}
{
  module: 'admin-all-booking-controller',
  userId: 'E10101',
  service: 'getAllFutureBookingsForUser',
  request: { userId: 'E2' },
  level: 'error',
  message: 'User not found',
  timestamp: '2023-11-20T13:36:04.402Z'
}
{
  module: 'admin-all-booking-controller',
  userId: 'E10101',
  service: 'getAllFutureBookingsForUser',
  request: { userId: 'E' },
  level: 'error',
  message: 'User not found',
  timestamp: '2023-11-20T13:36:04.638Z'
}
{
  module: 'admin-all-booking-controller',
  userId: 'E10101',
  service: 'getAllFutureBookingsForUser',
  request: { userId: 'E10' },
  level: 'error',
  message: 'User not found',
  timestamp: '2023-11-20T13:36:05.329Z'
}
{
  module: 'admin-all-booking-controller',
  userId: 'E10101',
  service: 'getAllFutureBookingsForUser',
  request: { userId: 'E1' },
  level: 'error',
  message: 'User not found',
  timestamp: '2023-11-20T13:36:05.493Z'
}
{
  module: 'admin-all-booking-controller',
  userId: 'E10101',
  service: 'getAllFutureBookingsForUser',
  request: { userId: 'E101' },
  level: 'error',
  message: 'User not found',
  timestamp: '2023-11-20T13:36:05.533Z'
}
{
  module: 'admin-all-booking-controller',
  userId: 'E10101',
  service: 'getAllFutureBookingsForUser',
  request: { userId: 'E1010' },
  level: 'error',
  message: 'User not found',
  timestamp: '2023-11-20T13:36:05.693Z'
}
{
  module: 'desk-booking',
  service: 'formatDeskBoookings',
  request: { startDate: '2023-12-01', endDate: '2023-12-31' },
  error: Error: connect ETIMEDOUT 13.228.184.177:5432
      at TCPConnectWrap.afterConnect [as oncomplete] (node:net:1494:16) {
    errno: -4039,
    code: 'ETIMEDOUT',
    syscall: 'connect',
    address: '13.228.184.177',
    port: 5432
  },
  level: 'error',
  message: 'Failed to get count of all desk bookings between two dates',
  timestamp: '2023-11-20T17:20:33.972Z'
}
{
  module: 'desk-booking',
  service: 'formatDeskBoookings',
  error: Error: connect ETIMEDOUT 13.228.184.177:5432
      at TCPConnectWrap.afterConnect [as oncomplete] (node:net:1494:16) {
    errno: -4039,
    code: 'ETIMEDOUT',
    syscall: 'connect',
    address: '13.228.184.177',
    port: 5432
  },
  level: 'error',
  message: 'Failed to get all future desk bookings',
  timestamp: '2023-11-20T17:20:36.126Z'
}
{
  module: 'desk-booking',
  service: 'formatDeskBoookings',
  level: 'error',
  message: 'Desk bookings is undefined',
  timestamp: '2023-11-20T17:20:36.127Z'
}
{
  module: 'admin-all-booking-controller',
  userId: 'E10101',
  service: 'getAllFutureBookings',
  error: TypeError: Cannot read properties of null (reading 'length')
      at getAllFutureBookings (C:\Users\vitha\OneDrive\Documents\GitHub\employee-management-system\server\controllers\admin-all-booking-controller.js:58:46)
      at process.processTicksAndRejections (node:internal/process/task_queues:95:5),
  level: 'error',
  message: 'Error getting all future bookings',
  timestamp: '2023-11-20T17:20:36.128Z'
}
{
  module: 'desk-booking',
  service: 'formatDeskBoookings',
  error: Error: connect ETIMEDOUT 13.228.184.177:5432
      at TCPConnectWrap.afterConnect [as oncomplete] (node:net:1494:16) {
    errno: -4039,
    code: 'ETIMEDOUT',
    syscall: 'connect',
    address: '13.228.184.177',
    port: 5432
  },
  level: 'error',
  message: 'Failed to get all future desk bookings',
  timestamp: '2023-11-20T17:20:36.141Z'
}
{
  module: 'desk-booking',
  service: 'formatDeskBoookings',
  level: 'error',
  message: 'Desk bookings is undefined',
  timestamp: '2023-11-20T17:20:36.142Z'
}
{
  module: 'admin-all-booking-controller',
  userId: 'E10101',
  service: 'getAllFutureBookings',
  error: TypeError: Cannot read properties of null (reading 'length')
      at getAllFutureBookings (C:\Users\vitha\OneDrive\Documents\GitHub\employee-management-system\server\controllers\admin-all-booking-controller.js:58:46)
      at process.processTicksAndRejections (node:internal/process/task_queues:95:5),
  level: 'error',
  message: 'Error getting all future bookings',
  timestamp: '2023-11-20T17:20:36.143Z'
}
{
  module: 'desk-booking',
  service: 'formatDeskBoookings',
  error: Error: connect ETIMEDOUT 13.228.184.177:5432
      at TCPConnectWrap.afterConnect [as oncomplete] (node:net:1494:16) {
    errno: -4039,
    code: 'ETIMEDOUT',
    syscall: 'connect',
    address: '13.228.184.177',
    port: 5432
  },
  level: 'error',
  message: 'Failed to get all future desk bookings',
  timestamp: '2023-11-20T17:20:36.146Z'
}
{
  module: 'desk-booking',
  service: 'formatDeskBoookings',
  level: 'error',
  message: 'Desk bookings is undefined',
  timestamp: '2023-11-20T17:20:36.146Z'
}
{
  module: 'admin-all-booking-controller',
  userId: 'E10101',
  service: 'getAllFutureBookings',
  error: TypeError: Cannot read properties of null (reading 'length')
      at getAllFutureBookings (C:\Users\vitha\OneDrive\Documents\GitHub\employee-management-system\server\controllers\admin-all-booking-controller.js:58:46)
      at process.processTicksAndRejections (node:internal/process/task_queues:95:5),
  level: 'error',
  message: 'Error getting all future bookings',
  timestamp: '2023-11-20T17:20:36.146Z'
}
{
  module: 'admin-all-booking-controller',
  userId: 'E10101',
  service: 'getAllFutureBookingsForUser',
  request: { userId: 'E' },
  level: 'error',
  message: 'User not found',
  timestamp: '2023-11-20T17:20:38.857Z'
}
{
  module: 'admin-all-booking-controller',
  userId: 'E10101',
  service: 'getAllFutureBookingsForUser',
  request: { userId: 'E0' },
  level: 'error',
  message: 'User not found',
  timestamp: '2023-11-20T17:20:39.401Z'
}
{
  module: 'admin-all-booking-controller',
  userId: 'E10101',
  service: 'getAllFutureBookingsForUser',
  request: { userId: 'E00' },
  level: 'error',
  message: 'User not found',
  timestamp: '2023-11-20T17:20:39.608Z'
}
{
  module: 'admin-all-booking-controller',
  userId: 'E10101',
  service: 'getAllFutureBookingsForUser',
  request: { userId: 'E000' },
  level: 'error',
  message: 'User not found',
  timestamp: '2023-11-20T17:20:39.741Z'
}
{
  module: 'admin-all-booking-controller',
  userId: 'E10101',
  service: 'getAllFutureBookingsForUser',
  request: { userId: 'E0000' },
  level: 'error',
  message: 'User not found',
  timestamp: '2023-11-20T17:20:40.308Z'
}
{
  module: 'admin-all-booking-controller',
  userId: 'E10101',
  service: 'getAllFutureBookingsForUser',
  request: { userId: 'E0001' },
  level: 'error',
  message: 'User not found',
  timestamp: '2023-11-20T17:20:44.769Z'
}
{
  module: 'admin-all-booking-controller',
  userId: 'E10101',
  service: 'getAllFutureBookingsForUser',
  request: { userId: 'E10001' },
  level: 'error',
  message: 'User not found',
  timestamp: '2023-11-20T17:20:44.912Z'
}
{
  module: 'admin-all-booking-controller',
  userId: 'E10101',
  service: 'getAllFutureBookingsForUser',
  request: { userId: 'E1001' },
  level: 'error',
  message: 'User not found',
  timestamp: '2023-11-20T17:20:45.822Z'
}
{
  module: 'user',
  service: 'findById',
  request: { userId: 'E10101' },
  error: Error: connect ETIMEDOUT 13.228.184.177:5432
      at TCPConnectWrap.afterConnect [as oncomplete] (node:net:1494:16) {
    errno: -4039,
    code: 'ETIMEDOUT',
    syscall: 'connect',
    address: '13.228.184.177',
    port: 5432
  },
  level: 'error',
  message: 'Failed to get user by user id',
  timestamp: '2023-11-20T17:21:11.340Z'
}
{
  module: 'admin-all-booking-controller',
  userId: 'E10101',
  service: 'getAllFutureBookings',
  request: { userId: 'E10101' },
  level: 'error',
  message: 'User not found',
  timestamp: '2023-11-20T17:21:11.341Z'
}
{
  module: 'desk-booking',
  service: 'formatDeskBoookings',
  error: Error: connect ETIMEDOUT 13.228.184.177:5432
      at TCPConnectWrap.afterConnect [as oncomplete] (node:net:1494:16) {
    errno: -4039,
    code: 'ETIMEDOUT',
    syscall: 'connect',
    address: '13.228.184.177',
    port: 5432
  },
  level: 'error',
  message: 'Failed to get all future desk bookings',
  timestamp: '2023-11-20T17:21:11.342Z'
}
{
  module: 'desk-booking',
  service: 'formatDeskBoookings',
  level: 'error',
  message: 'Desk bookings is undefined',
  timestamp: '2023-11-20T17:21:11.342Z'
}
{
  module: 'admin-all-booking-controller',
  userId: 'E10101',
  service: 'getAllFutureBookings',
  error: TypeError: Cannot read properties of null (reading 'length')
      at getAllFutureBookings (C:\Users\vitha\OneDrive\Documents\GitHub\employee-management-system\server\controllers\admin-all-booking-controller.js:58:46)
      at process.processTicksAndRejections (node:internal/process/task_queues:95:5),
  level: 'error',
  message: 'Error getting all future bookings',
  timestamp: '2023-11-20T17:21:11.344Z'
}
{
  module: 'desk-booking',
  service: 'formatDeskBoookings',
  error: Error: getaddrinfo ENOTFOUND ep-muddy-frog-18780884-pooler.ap-southeast-1.aws.neon.tech
      at GetAddrInfoReqWrap.onlookup [as oncomplete] (node:dns:107:26) {
    errno: -3008,
    code: 'ENOTFOUND',
    syscall: 'getaddrinfo',
    hostname: 'ep-muddy-frog-18780884-pooler.ap-southeast-1.aws.neon.tech'
  },
  level: 'error',
  message: 'Failed to get all future desk bookings',
  timestamp: '2023-11-20T17:21:38.021Z'
}
{
  module: 'desk-booking',
  service: 'formatDeskBoookings',
  level: 'error',
  message: 'Desk bookings is undefined',
  timestamp: '2023-11-20T17:21:38.022Z'
}
{
  module: 'admin-all-booking-controller',
  userId: 'E10101',
  service: 'getAllFutureBookings',
  error: TypeError: Cannot read properties of null (reading 'length')
      at getAllFutureBookings (C:\Users\vitha\OneDrive\Documents\GitHub\employee-management-system\server\controllers\admin-all-booking-controller.js:58:46)
      at process.processTicksAndRejections (node:internal/process/task_queues:95:5),
  level: 'error',
  message: 'Error getting all future bookings',
  timestamp: '2023-11-20T17:21:38.023Z'
}
{
  module: 'desk-booking',
  service: 'formatDeskBoookings',
  error: Error: getaddrinfo ENOTFOUND ep-muddy-frog-18780884-pooler.ap-southeast-1.aws.neon.tech
      at GetAddrInfoReqWrap.onlookup [as oncomplete] (node:dns:107:26) {
    errno: -3008,
    code: 'ENOTFOUND',
    syscall: 'getaddrinfo',
    hostname: 'ep-muddy-frog-18780884-pooler.ap-southeast-1.aws.neon.tech'
  },
  level: 'error',
  message: 'Failed to get all future desk bookings',
  timestamp: '2023-11-20T17:21:38.024Z'
}
{
  module: 'desk-booking',
  service: 'formatDeskBoookings',
  level: 'error',
  message: 'Desk bookings is undefined',
  timestamp: '2023-11-20T17:21:38.024Z'
}
{
  module: 'admin-all-booking-controller',
  userId: 'E10101',
  service: 'getAllFutureBookings',
  error: TypeError: Cannot read properties of null (reading 'length')
      at getAllFutureBookings (C:\Users\vitha\OneDrive\Documents\GitHub\employee-management-system\server\controllers\admin-all-booking-controller.js:58:46)
      at process.processTicksAndRejections (node:internal/process/task_queues:95:5),
  level: 'error',
  message: 'Error getting all future bookings',
  timestamp: '2023-11-20T17:21:38.025Z'
}
{
  module: 'admin-all-booking-controller',
  userId: 'E10101',
  service: 'getAllFutureBookingsForUser',
  request: { userId: 'E00' },
  level: 'error',
  message: 'User not found',
  timestamp: '2023-11-20T17:28:34.356Z'
}
{
  module: 'admin-all-booking-controller',
  userId: 'E10101',
  service: 'getAllFutureBookingsForUser',
  request: { userId: 'E0' },
  level: 'error',
  message: 'User not found',
  timestamp: '2023-11-20T17:28:34.562Z'
}
{
  module: 'admin-all-booking-controller',
  userId: 'E10101',
  service: 'getAllFutureBookingsForUser',
  request: { userId: 'E0000' },
  level: 'error',
  message: 'User not found',
  timestamp: '2023-11-20T17:28:34.785Z'
}
{
  module: 'admin-all-booking-controller',
  userId: 'E10101',
  service: 'getAllFutureBookingsForUser',
  request: { userId: 'E000' },
  level: 'error',
  message: 'User not found',
  timestamp: '2023-11-20T17:28:35.121Z'
}
{
  module: 'admin-all-booking-controller',
  userId: 'E10101',
  service: 'getAllFutureBookingsForUser',
  request: { userId: 'E' },
  level: 'error',
  message: 'User not found',
  timestamp: '2023-11-20T17:28:40.203Z'
}
{
  module: 'admin-all-booking-controller',
  userId: 'E10101',
  service: 'getAllFutureBookingsForUser',
  request: { userId: 'E0001' },
  level: 'error',
  message: 'User not found',
  timestamp: '2023-11-20T17:28:40.571Z'
}
{
  module: 'admin-all-booking-controller',
  userId: 'E10101',
  service: 'getAllFutureBookingsForUser',
  request: { userId: 'E001' },
  level: 'error',
  message: 'User not found',
  timestamp: '2023-11-20T17:28:40.753Z'
}
{
  module: 'admin-all-booking-controller',
  userId: 'E10101',
  service: 'getAllFutureBookingsForUser',
  request: { userId: 'E01' },
  level: 'error',
  message: 'User not found',
  timestamp: '2023-11-20T17:28:40.909Z'
}
{
  module: 'admin-all-booking-controller',
  userId: 'E10101',
  service: 'getAllFutureBookingsForUser',
  request: { userId: 'E1' },
  level: 'error',
  message: 'User not found',
  timestamp: '2023-11-20T17:28:41.239Z'
}
{
  module: 'admin-all-booking-controller',
  userId: 'E10101',
  service: 'getAllFutureBookings',
  request: { userId: 'E' },
  level: 'error',
  message: 'User not found',
  timestamp: '2023-11-20T17:28:42.277Z'
}
{
  module: 'admin-all-booking-controller',
  userId: 'E10101',
  service: 'getAllFutureBookingsForUser',
  request: { userId: 'E' },
  level: 'error',
  message: 'User not found',
  timestamp: '2023-11-20T17:28:43.001Z'
}
{
  module: 'admin-all-booking-controller',
  userId: 'E10101',
  service: 'getAllFutureBookingsForUser',
  request: { userId: 'E0' },
  level: 'error',
  message: 'User not found',
  timestamp: '2023-11-20T17:28:43.540Z'
}
{
  module: 'admin-all-booking-controller',
  userId: 'E10101',
  service: 'getAllFutureBookingsForUser',
  request: { userId: 'E00' },
  level: 'error',
  message: 'User not found',
  timestamp: '2023-11-20T17:28:43.670Z'
}
{
  module: 'admin-all-booking-controller',
  userId: 'E10101',
  service: 'getAllFutureBookingsForUser',
  request: { userId: 'E000' },
  level: 'error',
  message: 'User not found',
  timestamp: '2023-11-20T17:28:43.889Z'
}
{
  module: 'admin-all-booking-controller',
  userId: 'E10101',
  service: 'getAllFutureBookingsForUser',
  request: { userId: 'E0000' },
  level: 'error',
  message: 'User not found',
  timestamp: '2023-11-20T17:28:44.043Z'
}
{
  module: 'user-all-booking-controller',
  service: 'getAllFutureBookingsForUser',
  userId: 'E10101',
  level: 'error',
  message: 'Desk, cab and food bookings not required',
  timestamp: '2023-11-20T18:06:43.113Z'
}
{
  module: 'user-all-booking-controller',
  service: 'getAllFutureBookingsForUser',
  userId: 'E10101',
  level: 'error',
  message: 'Desk, cab and food bookings not required',
  timestamp: '2023-11-20T18:06:46.763Z'
}
{
  module: 'desk-booking',
  service: 'getFutureDeskBookingsForUser',
  userId: 'E10101',
  error: Error: getaddrinfo ENOTFOUND ep-muddy-frog-18780884-pooler.ap-southeast-1.aws.neon.tech
      at GetAddrInfoReqWrap.onlookup [as oncomplete] (node:dns:107:26) {
    errno: -3008,
    code: 'ENOTFOUND',
    syscall: 'getaddrinfo',
    hostname: 'ep-muddy-frog-18780884-pooler.ap-southeast-1.aws.neon.tech'
  },
  level: 'error',
  message: 'Failed to get all future desk bookings for a user',
  timestamp: '2023-11-20T18:11:37.599Z'
}
{
  module: 'desk-booking',
  service: 'formatDeskBoookings',
  level: 'error',
  message: 'Desk bookings is undefined',
  timestamp: '2023-11-20T18:11:37.600Z'
}
{
  module: 'user-all-booking-controller',
  service: 'getAllFutureBookingsForUser',
  userId: 'E10101',
  error: TypeError: Cannot read properties of null (reading 'length')
      at getAllFutureBookingsForUser (C:\Users\vitha\OneDrive\Documents\GitHub\employee-management-system\server\controllers\user-all-booking-controller.js:34:46)
      at process.processTicksAndRejections (node:internal/process/task_queues:95:5),
  level: 'error',
  message: 'Failed to get all future bookings for user',
  timestamp: '2023-11-20T18:11:37.604Z'
}
{
  module: 'desk-booking',
  service: 'getFutureDeskBookingsForUser',
  userId: 'E10101',
  error: Error: getaddrinfo ENOTFOUND ep-muddy-frog-18780884-pooler.ap-southeast-1.aws.neon.tech
      at GetAddrInfoReqWrap.onlookup [as oncomplete] (node:dns:107:26) {
    errno: -3008,
    code: 'ENOTFOUND',
    syscall: 'getaddrinfo',
    hostname: 'ep-muddy-frog-18780884-pooler.ap-southeast-1.aws.neon.tech'
  },
  level: 'error',
  message: 'Failed to get all future desk bookings for a user',
  timestamp: '2023-11-20T18:23:17.911Z'
}
{
  module: 'desk-booking',
  service: 'formatDeskBoookings',
  level: 'error',
  message: 'Desk bookings is undefined',
  timestamp: '2023-11-20T18:23:17.912Z'
}
{
  module: 'user-all-booking-controller',
  service: 'getAllFutureBookingsForUser',
  userId: 'E10101',
  error: TypeError: Cannot read properties of null (reading 'length')
      at getAllFutureBookingsForUser (C:\Users\vitha\OneDrive\Documents\GitHub\employee-management-system\server\controllers\user-all-booking-controller.js:34:46)
      at process.processTicksAndRejections (node:internal/process/task_queues:95:5),
  level: 'error',
  message: 'Failed to get all future bookings for user',
  timestamp: '2023-11-20T18:23:17.913Z'
}
